<?xml version="1.0" encoding="UTF-8"?>
<!-- Generated by org.testng.reporters.JUnitXMLReporter -->
<testsuite hostname="vgupt-e7480" ignored="1" name="SmokeTest" tests="5" failures="0" timestamp="26 Dec 2017 09:56:49 GMT" time="0.144" errors="0">
  <testcase name="@BeforeMethod navigateToURL" time="0.0" classname="BaseArchitecture.baseTest">
    <failure type="java.lang.NullPointerException">
      <![CDATA[java.lang.NullPointerExceptionat BaseArchitecture.driverInit.driverInitialize(driverInit.java:30)at BaseArchitecture.baseTest.navigateToURL(baseTest.java:52)... Removed 28 stack frames]]>
    </failure>
  </testcase> <!-- @BeforeMethod navigateToURL -->
  <testcase name="@AfterMethod afterTestMethod" time="0.0" classname="BaseArchitecture.baseTest">
    <skipped/>
  </testcase> <!-- @AfterMethod afterTestMethod -->
  <testcase name="@AfterMethod testMethodEnd" time="0.0" classname="BaseArchitecture.baseTest">
    <failure type="java.lang.NullPointerException">
      <![CDATA[java.lang.NullPointerExceptionat BaseArchitecture.baseTest.testMethodEnd(baseTest.java:103)... Removed 28 stack frames]]>
    </failure>
  </testcase> <!-- @AfterMethod testMethodEnd -->
  <testcase name="@BeforeMethod navigateToURL" time="0.004" classname="BaseArchitecture.baseTest">
    <failure type="java.lang.NullPointerException">
      <![CDATA[java.lang.NullPointerExceptionat BaseArchitecture.driverInit.driverInitialize(driverInit.java:30)at BaseArchitecture.baseTest.navigateToURL(baseTest.java:52)... Removed 28 stack frames]]>
    </failure>
  </testcase> <!-- @BeforeMethod navigateToURL -->
  <testcase name="@AfterMethod afterTestMethod" time="0.0" classname="BaseArchitecture.baseTest">
    <skipped/>
  </testcase> <!-- @AfterMethod afterTestMethod -->
  <testcase name="@AfterMethod testMethodEnd" time="0.008" classname="BaseArchitecture.baseTest">
    <failure type="java.lang.NullPointerException">
      <![CDATA[java.lang.NullPointerExceptionat BaseArchitecture.baseTest.testMethodEnd(baseTest.java:103)... Removed 28 stack frames]]>
    </failure>
  </testcase> <!-- @AfterMethod testMethodEnd -->
  <testcase name="@BeforeMethod navigateToURL" time="0.0" classname="BaseArchitecture.baseTest">
    <failure type="java.lang.NullPointerException">
      <![CDATA[java.lang.NullPointerExceptionat BaseArchitecture.driverInit.driverInitialize(driverInit.java:30)at BaseArchitecture.baseTest.navigateToURL(baseTest.java:52)... Removed 28 stack frames]]>
    </failure>
  </testcase> <!-- @BeforeMethod navigateToURL -->
  <testcase name="@AfterMethod afterTestMethod" time="0.0" classname="BaseArchitecture.baseTest">
    <skipped/>
  </testcase> <!-- @AfterMethod afterTestMethod -->
  <testcase name="@AfterMethod testMethodEnd" time="0.004" classname="BaseArchitecture.baseTest">
    <failure type="java.lang.NullPointerException">
      <![CDATA[java.lang.NullPointerExceptionat BaseArchitecture.baseTest.testMethodEnd(baseTest.java:103)... Removed 28 stack frames]]>
    </failure>
  </testcase> <!-- @AfterMethod testMethodEnd -->
  <testcase name="@BeforeMethod navigateToURL" time="0.0" classname="BaseArchitecture.baseTest">
    <failure type="java.lang.NullPointerException">
      <![CDATA[java.lang.NullPointerExceptionat BaseArchitecture.driverInit.driverInitialize(driverInit.java:30)at BaseArchitecture.baseTest.navigateToURL(baseTest.java:52)... Removed 28 stack frames]]>
    </failure>
  </testcase> <!-- @BeforeMethod navigateToURL -->
  <testcase name="@AfterMethod afterTestMethod" time="0.0" classname="BaseArchitecture.baseTest">
    <skipped/>
  </testcase> <!-- @AfterMethod afterTestMethod -->
  <testcase name="@AfterMethod testMethodEnd" time="0.0" classname="BaseArchitecture.baseTest">
    <failure type="java.lang.NullPointerException">
      <![CDATA[java.lang.NullPointerExceptionat BaseArchitecture.baseTest.testMethodEnd(baseTest.java:103)... Removed 28 stack frames]]>
    </failure>
  </testcase> <!-- @AfterMethod testMethodEnd -->
  <testcase name="@BeforeMethod navigateToURL" time="0.0" classname="BaseArchitecture.baseTest">
    <failure type="java.lang.NullPointerException">
      <![CDATA[java.lang.NullPointerExceptionat BaseArchitecture.driverInit.driverInitialize(driverInit.java:30)at BaseArchitecture.baseTest.navigateToURL(baseTest.java:52)... Removed 28 stack frames]]>
    </failure>
  </testcase> <!-- @BeforeMethod navigateToURL -->
  <testcase name="@AfterMethod afterTestMethod" time="0.0" classname="BaseArchitecture.baseTest">
    <skipped/>
  </testcase> <!-- @AfterMethod afterTestMethod -->
  <testcase name="@AfterMethod testMethodEnd" time="0.0" classname="BaseArchitecture.baseTest">
    <failure type="java.lang.NullPointerException">
      <![CDATA[java.lang.NullPointerExceptionat BaseArchitecture.baseTest.testMethodEnd(baseTest.java:103)... Removed 28 stack frames]]>
    </failure>
  </testcase> <!-- @AfterMethod testMethodEnd -->
  <testcase name="failedTestCase" time="0.0" classname="TestClasses.HomePageTest">
    <skipped/>
  </testcase> <!-- failedTestCase -->
  <testcase name="verifyLogoutfunctionality" time="0.0" classname="TestClasses.HomePageTest">
    <skipped/>
  </testcase> <!-- verifyLogoutfunctionality -->
  <testcase name="verifyUserGuideLink" time="0.0" classname="TestClasses.HomePageTest">
    <skipped/>
  </testcase> <!-- verifyUserGuideLink -->
  <testcase name="verifyLoginfunctionality" time="0.0" classname="TestClasses.LoginPageTest">
    <skipped/>
  </testcase> <!-- verifyLoginfunctionality -->
  <testcase name="test" time="0.0" classname="TestClasses.LoginPageTest">
    <skipped/>
  </testcase> <!-- test -->
  <testcase name="@BeforeSuite beforeSuite" time="0.0" classname="BaseArchitecture.baseTest">
    <ignored/>
  </testcase> <!-- @BeforeSuite beforeSuite -->
</testsuite> <!-- SmokeTest -->
